Build started 05.10.2015 12:14:07.
     1>Project "C:\Users\Александр\Desktop\TECHPROG\lab7\ex1\ex1\ex1.vcxproj" on node 2 (build target(s)).
     1>PrepareForBuild:
         Creating directory "C:\Users\Александр\Desktop\TECHPROG\lab7\ex1\Debug\".
       InitializeBuildStatus:
         Creating "Debug\ex1.unsuccessfulbuild" because "AlwaysCreate" was specified.
       ClCompile:
         D:\Program Files (x86)\Microsoft Visual Studio 10.0\VC\bin\CL.exe /c /ZI /nologo /W3 /WX- /Od /Oy- /D WIN32 /D _DEBUG /D _CONSOLE /D _UNICODE /D UNICODE /Gm /EHsc /RTC1 /MDd /GS /fp:precise /Zc:wchar_t /Zc:forScope /Fo"Debug\\" /Fd"Debug\vc100.pdb" /Gd /TP /analyze- /errorReport:prompt main.cpp
         main.cpp
     1>c:\users\александр\desktop\techprog\lab7\ex1\ex1\main.cpp(48): error C3861: 'printComplex': identifier not found
     1>c:\users\александр\desktop\techprog\lab7\ex1\ex1\main.cpp(49): error C3861: 'printComplex': identifier not found
     1>c:\users\александр\desktop\techprog\lab7\ex1\ex1\main.cpp(50): error C3861: 'printComplex': identifier not found
     1>Done Building Project "C:\Users\Александр\Desktop\TECHPROG\lab7\ex1\ex1\ex1.vcxproj" (build target(s)) -- FAILED.

Build FAILED.

Time Elapsed 00:00:02.96
